<?xml version="1.0" encoding="UTF-8"?>
<!-- Generated by org.testng.reporters.JUnitXMLReporter -->
<testsuite ignored="38" hostname="DESKTOP-UIS9TE7" failures="0" tests="1" name="Default test" time="192.64" errors="0" timestamp="2023-07-07T14:22:50 IST">
  <testcase classname="framework.TS_01" name="TC_39" time="51.243"/>
  <testcase classname="framework.TS_01" name="TC_20" time="0.0">
    <ignored/>
  </testcase> <!-- TC_20 -->
  <testcase classname="framework.TS_01" name="TC_12" time="0.0">
    <ignored/>
  </testcase> <!-- TC_12 -->
  <testcase classname="framework.TS_01" name="TC_34" time="0.0">
    <ignored/>
  </testcase> <!-- TC_34 -->
  <testcase classname="framework.TS_01" name="TC_21" time="0.0">
    <ignored/>
  </testcase> <!-- TC_21 -->
  <testcase classname="framework.TS_01" name="TC_06" time="0.0">
    <ignored/>
  </testcase> <!-- TC_06 -->
  <testcase classname="framework.TS_01" name="TC_28" time="0.0">
    <ignored/>
  </testcase> <!-- TC_28 -->
  <testcase classname="framework.TS_01" name="TC_09" time="0.0">
    <ignored/>
  </testcase> <!-- TC_09 -->
  <testcase classname="framework.TS_01" name="TC_26" time="0.0">
    <ignored/>
  </testcase> <!-- TC_26 -->
  <testcase classname="framework.TS_01" name="TC_04" time="0.0">
    <ignored/>
  </testcase> <!-- TC_04 -->
  <testcase classname="framework.TS_01" name="TC_07" time="0.0">
    <ignored/>
  </testcase> <!-- TC_07 -->
  <testcase classname="framework.TS_01" name="TC_29" time="0.0">
    <ignored/>
  </testcase> <!-- TC_29 -->
  <testcase classname="framework.TS_01" name="TC_24" time="0.0">
    <ignored/>
  </testcase> <!-- TC_24 -->
  <testcase classname="framework.TS_01" name="TC_02" time="0.0">
    <ignored/>
  </testcase> <!-- TC_02 -->
  <testcase classname="framework.TS_01" name="TC_05" time="0.0">
    <ignored/>
  </testcase> <!-- TC_05 -->
  <testcase classname="framework.TS_01" name="TC_27" time="0.0">
    <ignored/>
  </testcase> <!-- TC_27 -->
  <testcase classname="framework.TS_01" name="TC_22" time="0.0">
    <ignored/>
  </testcase> <!-- TC_22 -->
  <testcase classname="framework.TS_01" name="TC_25" time="0.0">
    <ignored/>
  </testcase> <!-- TC_25 -->
  <testcase classname="framework.TS_01" name="TC_03" time="0.0">
    <ignored/>
  </testcase> <!-- TC_03 -->
  <testcase classname="framework.TS_01" name="TC_08" time="0.0">
    <ignored/>
  </testcase> <!-- TC_08 -->
  <testcase classname="framework.TS_01" name="TC_31" time="0.0">
    <ignored/>
  </testcase> <!-- TC_31 -->
  <testcase classname="framework.TS_01" name="TC_23" time="0.0">
    <ignored/>
  </testcase> <!-- TC_23 -->
  <testcase classname="framework.TS_01" name="TC_01" time="0.0">
    <ignored/>
  </testcase> <!-- TC_01 -->
  <testcase classname="framework.TS_01" name="TC_10" time="0.0">
    <ignored/>
  </testcase> <!-- TC_10 -->
  <testcase classname="framework.TS_01" name="TC_32" time="0.0">
    <ignored/>
  </testcase> <!-- TC_32 -->
  <testcase classname="framework.TS_01" name="TC_30" time="0.0">
    <ignored/>
  </testcase> <!-- TC_30 -->
  <testcase classname="framework.TS_01" name="TC_17" time="0.0">
    <ignored/>
  </testcase> <!-- TC_17 -->
  <testcase classname="framework.TS_01" name="TC_15" time="0.0">
    <ignored/>
  </testcase> <!-- TC_15 -->
  <testcase classname="framework.TS_01" name="TC_37" time="0.0">
    <ignored/>
  </testcase> <!-- TC_37 -->
  <testcase classname="framework.TS_01" name="TC_18" time="0.0">
    <ignored/>
  </testcase> <!-- TC_18 -->
  <testcase classname="framework.TS_01" name="TC_13" time="0.0">
    <ignored/>
  </testcase> <!-- TC_13 -->
  <testcase classname="framework.TS_01" name="TC_35" time="0.0">
    <ignored/>
  </testcase> <!-- TC_35 -->
  <testcase classname="framework.TS_01" name="TC_16" time="0.0">
    <ignored/>
  </testcase> <!-- TC_16 -->
  <testcase classname="framework.TS_01" name="TC_38" time="0.0">
    <ignored/>
  </testcase> <!-- TC_38 -->
  <testcase classname="framework.TS_01" name="TC_11" time="0.0">
    <ignored/>
  </testcase> <!-- TC_11 -->
  <testcase classname="framework.TS_01" name="TC_33" time="0.0">
    <ignored/>
  </testcase> <!-- TC_33 -->
  <testcase classname="framework.TS_01" name="TC_14" time="0.0">
    <ignored/>
  </testcase> <!-- TC_14 -->
  <testcase classname="framework.TS_01" name="TC_36" time="0.0">
    <ignored/>
  </testcase> <!-- TC_36 -->
  <testcase classname="framework.TS_01" name="TC_19" time="0.0">
    <ignored/>
  </testcase> <!-- TC_19 -->
</testsuite> <!-- Default test -->
