<?xml version="1.0" encoding="UTF-8"?>
<!-- Generated by org.testng.reporters.JUnitXMLReporter -->
<testsuite ignored="0" hostname="DESKTOP-UIS9TE7" failures="0" tests="10" name="Test" time="158.803" errors="0" timestamp="2023-06-29T12:37:47 IST">
  <testcase classname="framework.Base" name="@BeforeMethod launchBrowser" time="158.048">
    <failure type="java.lang.NullPointerException" message="Cannot invoke &amp;quot;org.openqa.selenium.SearchContext.findElement(org.openqa.selenium.By)&amp;quot; because &amp;quot;this.searchContext&amp;quot; is null">
      <![CDATA[java.lang.NullPointerException: Cannot invoke "org.openqa.selenium.SearchContext.findElement(org.openqa.selenium.By)" because "this.searchContext" is null
at org.openqa.selenium.support.pagefactory.DefaultElementLocator.findElement(DefaultElementLocator.java:68)
at org.openqa.selenium.support.pagefactory.internal.LocatingElementHandler.invoke(LocatingElementHandler.java:38)
at jdk.proxy2/jdk.proxy2.$Proxy11.click(Unknown Source)
at framework.Base.launchBrowser(Base.java:34)
at java.base/java.util.ArrayList.forEach(ArrayList.java:1511)
... Removed 31 stack frames]]>
    </failure>
  </testcase> <!-- @BeforeMethod launchBrowser -->
  <testcase classname="framework.Base" name="@AfterMethod closeBrowser" time="-1.688022465055E9">
    <skipped/>
  </testcase> <!-- @AfterMethod closeBrowser -->
  <testcase classname="framework.Base" name="@BeforeMethod launchBrowser" time="-1.688022465062E9">
    <skipped/>
  </testcase> <!-- @BeforeMethod launchBrowser -->
  <testcase classname="framework.Base" name="@AfterMethod closeBrowser" time="-1.688022465087E9">
    <skipped/>
  </testcase> <!-- @AfterMethod closeBrowser -->
  <testcase classname="framework.Base" name="@BeforeMethod launchBrowser" time="-1.688022465091E9">
    <skipped/>
  </testcase> <!-- @BeforeMethod launchBrowser -->
  <testcase classname="framework.Base" name="@AfterMethod closeBrowser" time="-1.688022465107E9">
    <skipped/>
  </testcase> <!-- @AfterMethod closeBrowser -->
  <testcase classname="framework.Base" name="@BeforeMethod launchBrowser" time="-1.688022465118E9">
    <skipped/>
  </testcase> <!-- @BeforeMethod launchBrowser -->
  <testcase classname="framework.Base" name="@AfterMethod closeBrowser" time="-1.688022465125E9">
    <skipped/>
  </testcase> <!-- @AfterMethod closeBrowser -->
  <testcase classname="framework.Base" name="@BeforeMethod launchBrowser" time="-1.688022465128E9">
    <skipped/>
  </testcase> <!-- @BeforeMethod launchBrowser -->
  <testcase classname="framework.Base" name="@AfterMethod closeBrowser" time="-1.688022465139E9">
    <skipped/>
  </testcase> <!-- @AfterMethod closeBrowser -->
  <testcase classname="framework.Base" name="@BeforeMethod launchBrowser" time="-1.688022465144E9">
    <skipped/>
  </testcase> <!-- @BeforeMethod launchBrowser -->
  <testcase classname="framework.Base" name="@AfterMethod closeBrowser" time="-1.688022465151E9">
    <skipped/>
  </testcase> <!-- @AfterMethod closeBrowser -->
  <testcase classname="framework.Base" name="@BeforeMethod launchBrowser" time="-1.688022465154E9">
    <skipped/>
  </testcase> <!-- @BeforeMethod launchBrowser -->
  <testcase classname="framework.Base" name="@AfterMethod closeBrowser" time="-1.688022465161E9">
    <skipped/>
  </testcase> <!-- @AfterMethod closeBrowser -->
  <testcase classname="framework.Base" name="@BeforeMethod launchBrowser" time="-1.688022465164E9">
    <skipped/>
  </testcase> <!-- @BeforeMethod launchBrowser -->
  <testcase classname="framework.Base" name="@AfterMethod closeBrowser" time="-1.688022465185E9">
    <skipped/>
  </testcase> <!-- @AfterMethod closeBrowser -->
  <testcase classname="framework.Base" name="@BeforeMethod launchBrowser" time="-1.688022465188E9">
    <skipped/>
  </testcase> <!-- @BeforeMethod launchBrowser -->
  <testcase classname="framework.Base" name="@AfterMethod closeBrowser" time="-1.688022465198E9">
    <skipped/>
  </testcase> <!-- @AfterMethod closeBrowser -->
  <testcase classname="framework.Base" name="@BeforeMethod launchBrowser" time="-1.688022465201E9">
    <skipped/>
  </testcase> <!-- @BeforeMethod launchBrowser -->
  <testcase classname="framework.Base" name="@AfterMethod closeBrowser" time="-1.688022465217E9">
    <skipped/>
  </testcase> <!-- @AfterMethod closeBrowser -->
  <testcase classname="framework.TestCase" name="TC_01" time="0.0">
    <skipped/>
  </testcase> <!-- TC_01 -->
  <testcase classname="framework.TestCase" name="TC_02" time="0.0">
    <skipped/>
  </testcase> <!-- TC_02 -->
  <testcase classname="framework.TestCase" name="TC_03" time="0.0">
    <skipped/>
  </testcase> <!-- TC_03 -->
  <testcase classname="framework.TestCase" name="TC_04" time="0.0">
    <skipped/>
  </testcase> <!-- TC_04 -->
  <testcase classname="framework.TestCase" name="TC_05" time="0.0">
    <skipped/>
  </testcase> <!-- TC_05 -->
  <testcase classname="framework.TestCase" name="TC_06" time="0.0">
    <skipped/>
  </testcase> <!-- TC_06 -->
  <testcase classname="framework.TestCase" name="TC_07" time="0.0">
    <skipped/>
  </testcase> <!-- TC_07 -->
  <testcase classname="framework.TestCase" name="TC_08" time="0.0">
    <skipped/>
  </testcase> <!-- TC_08 -->
  <testcase classname="framework.TestCase" name="TC_09" time="0.0">
    <skipped/>
  </testcase> <!-- TC_09 -->
  <testcase classname="framework.TestCase" name="TC_10" time="0.0">
    <skipped/>
  </testcase> <!-- TC_10 -->
</testsuite> <!-- Test -->
