<?xml version="1.0" encoding="UTF-8"?>
<!-- Generated by org.testng.reporters.JUnitXMLReporter -->
<testsuite ignored="8" hostname="DESKTOP-UIS9TE7" failures="0" tests="2" name="Test(failed)" time="94.062" errors="0" timestamp="2023-06-21T12:13:58 IST">
  <testcase classname="demoFramework.Actitime" name="TC_07" time="9.46"/>
  <testcase classname="demoFramework.Actitime" name="TC_06" time="6.63"/>
  <testcase classname="demoFramework.Actitime" name="TC_09" time="0.0">
    <ignored/>
  </testcase> <!-- TC_09 -->
  <testcase classname="demoFramework.Actitime" name="TC_08" time="0.0">
    <ignored/>
  </testcase> <!-- TC_08 -->
  <testcase classname="demoFramework.Actitime" name="TC_01" time="0.0">
    <ignored/>
  </testcase> <!-- TC_01 -->
  <testcase classname="demoFramework.Actitime" name="TC_02" time="0.0">
    <ignored/>
  </testcase> <!-- TC_02 -->
  <testcase classname="demoFramework.Actitime" name="TC_10" time="0.0">
    <ignored/>
  </testcase> <!-- TC_10 -->
  <testcase classname="demoFramework.Actitime" name="TC_05" time="0.0">
    <ignored/>
  </testcase> <!-- TC_05 -->
  <testcase classname="demoFramework.Actitime" name="TC_03" time="0.0">
    <ignored/>
  </testcase> <!-- TC_03 -->
  <testcase classname="demoFramework.Actitime" name="TC_04" time="0.0">
    <ignored/>
  </testcase> <!-- TC_04 -->
</testsuite> <!-- Test(failed) -->
