<?xml version="1.0" encoding="UTF-8"?>
<testng-results ignored="0" total="63" passed="61" failed="2" skipped="0">
  <reporter-output>
    <line>
      <![CDATA[saveetha engineering college]]>
    </line>
  </reporter-output>
  <suite started-at="2023-07-07T14:32:36 IST" name="Suite" finished-at="2023-07-07T15:03:13 IST" duration-ms="1837740">
    <groups>
      <group name="smoke">
        <method signature="TS_01.TC_01()[pri:1, instance:framework.TS_01@209da20d]" name="TC_01" class="framework.TS_01"/>
        <method signature="TS_01.TC_02()[pri:2, instance:framework.TS_01@209da20d]" name="TC_02" class="framework.TS_01"/>
        <method signature="TS_01.TC_06()[pri:6, instance:framework.TS_01@209da20d]" name="TC_06" class="framework.TS_01"/>
        <method signature="TS_01.TC_10()[pri:10, instance:framework.TS_01@209da20d]" name="TC_10" class="framework.TS_01"/>
        <method signature="TS_01.TC_11()[pri:11, instance:framework.TS_01@209da20d]" name="TC_11" class="framework.TS_01"/>
        <method signature="TS_01.TC_12()[pri:12, instance:framework.TS_01@209da20d]" name="TC_12" class="framework.TS_01"/>
        <method signature="TS_01.TC_16()[pri:16, instance:framework.TS_01@209da20d]" name="TC_16" class="framework.TS_01"/>
        <method signature="TS_01.TC_17()[pri:17, instance:framework.TS_01@209da20d]" name="TC_17" class="framework.TS_01"/>
        <method signature="TS_01.TC_18()[pri:18, instance:framework.TS_01@209da20d]" name="TC_18" class="framework.TS_01"/>
        <method signature="TS_01.TC_20()[pri:20, instance:framework.TS_01@209da20d]" name="TC_20" class="framework.TS_01"/>
        <method signature="TS_01.TC_21()[pri:21, instance:framework.TS_01@209da20d]" name="TC_21" class="framework.TS_01"/>
        <method signature="TS_01.TC_22()[pri:22, instance:framework.TS_01@209da20d]" name="TC_22" class="framework.TS_01"/>
        <method signature="TS_01.TC_28()[pri:28, instance:framework.TS_01@209da20d]" name="TC_28" class="framework.TS_01"/>
        <method signature="TS_01.TC_31()[pri:31, instance:framework.TS_01@209da20d]" name="TC_31" class="framework.TS_01"/>
        <method signature="TS_02.TC_01()[pri:1, instance:framework.TS_02@59505b48]" name="TC_01" class="framework.TS_02"/>
      </group> <!-- smoke -->
    </groups>
    <test started-at="2023-07-07T14:32:36 IST" name="Test" finished-at="2023-07-07T15:03:13 IST" duration-ms="1837740">
      <class name="framework.TS_01">
        <test-method is-config="true" signature="launchBrowser()[pri:0, instance:framework.TS_01@209da20d]" started-at="2023-07-07T14:32:36 IST" name="launchBrowser" finished-at="2023-07-07T14:33:36 IST" duration-ms="60646" status="PASS">
          <reporter-output>
          </reporter-output>
        </test-method> <!-- launchBrowser -->
        <test-method signature="TC_38()[pri:0, instance:framework.TS_01@209da20d]" started-at="2023-07-07T14:33:36 IST" name="TC_38" finished-at="2023-07-07T14:33:49 IST" duration-ms="12529" status="FAIL">
          <exception class="org.openqa.selenium.StaleElementReferenceException">
            <message>
              <![CDATA[stale element reference: stale element not found
  (Session info: chrome=114.0.5735.199)
For documentation on this error, please visit: https://www.selenium.dev/documentation/webdriver/troubleshooting/errors#stale-element-reference-exception
Build info: version: '4.10.0', revision: 'c14d967899'
System info: os.name: 'Windows 10', os.arch: 'amd64', os.version: '10.0', java.version: '17.0.5'
Driver info: org.openqa.selenium.chrome.ChromeDriver
Command: [0531cee94c86e2e04b8a854ea32eeac2, getElementText {id=93574EE8CD79734583D0CDFD7B083797_element_26}]
Capabilities {acceptInsecureCerts: false, browserName: chrome, browserVersion: 114.0.5735.199, chrome: {chromedriverVersion: 114.0.5735.90 (386bc09e8f4f..., userDataDir: C:\Users\kamal\AppData\Loca...}, goog:chromeOptions: {debuggerAddress: localhost:51596}, networkConnectionEnabled: false, pageLoadStrategy: normal, platformName: windows, proxy: Proxy(), se:cdp: ws://localhost:51596/devtoo..., se:cdpVersion: 114.0.5735.199, setWindowRect: true, strictFileInteractability: false, timeouts: {implicit: 0, pageLoad: 300000, script: 30000}, unhandledPromptBehavior: dismiss and notify, webauthn:extension:credBlob: true, webauthn:extension:largeBlob: true, webauthn:extension:minPinLength: true, webauthn:extension:prf: true, webauthn:virtualAuthenticators: true}
Element: [[ChromeDriver: chrome on windows (0531cee94c86e2e04b8a854ea32eeac2)] -> xpath: //span[@class='mat-option-text']]
Session ID: 0531cee94c86e2e04b8a854ea32eeac2]]>
            </message>
            <full-stacktrace>
              <![CDATA[org.openqa.selenium.StaleElementReferenceException: stale element reference: stale element not found
  (Session info: chrome=114.0.5735.199)
For documentation on this error, please visit: https://www.selenium.dev/documentation/webdriver/troubleshooting/errors#stale-element-reference-exception
Build info: version: '4.10.0', revision: 'c14d967899'
System info: os.name: 'Windows 10', os.arch: 'amd64', os.version: '10.0', java.version: '17.0.5'
Driver info: org.openqa.selenium.chrome.ChromeDriver
Command: [0531cee94c86e2e04b8a854ea32eeac2, getElementText {id=93574EE8CD79734583D0CDFD7B083797_element_26}]
Capabilities {acceptInsecureCerts: false, browserName: chrome, browserVersion: 114.0.5735.199, chrome: {chromedriverVersion: 114.0.5735.90 (386bc09e8f4f..., userDataDir: C:\Users\kamal\AppData\Loca...}, goog:chromeOptions: {debuggerAddress: localhost:51596}, networkConnectionEnabled: false, pageLoadStrategy: normal, platformName: windows, proxy: Proxy(), se:cdp: ws://localhost:51596/devtoo..., se:cdpVersion: 114.0.5735.199, setWindowRect: true, strictFileInteractability: false, timeouts: {implicit: 0, pageLoad: 300000, script: 30000}, unhandledPromptBehavior: dismiss and notify, webauthn:extension:credBlob: true, webauthn:extension:largeBlob: true, webauthn:extension:minPinLength: true, webauthn:extension:prf: true, webauthn:virtualAuthenticators: true}
Element: [[ChromeDriver: chrome on windows (0531cee94c86e2e04b8a854ea32eeac2)] -> xpath: //span[@class='mat-option-text']]
Session ID: 0531cee94c86e2e04b8a854ea32eeac2
at java.base/jdk.internal.reflect.NativeConstructorAccessorImpl.newInstance0(Native Method)
at java.base/jdk.internal.reflect.NativeConstructorAccessorImpl.newInstance(NativeConstructorAccessorImpl.java:77)
at java.base/jdk.internal.reflect.DelegatingConstructorAccessorImpl.newInstance(DelegatingConstructorAccessorImpl.java:45)
at java.base/java.lang.reflect.Constructor.newInstanceWithCaller(Constructor.java:499)
at java.base/java.lang.reflect.Constructor.newInstance(Constructor.java:480)
at org.openqa.selenium.remote.codec.w3c.W3CHttpResponseCodec.createException(W3CHttpResponseCodec.java:199)
at org.openqa.selenium.remote.codec.w3c.W3CHttpResponseCodec.decode(W3CHttpResponseCodec.java:132)
at org.openqa.selenium.remote.codec.w3c.W3CHttpResponseCodec.decode(W3CHttpResponseCodec.java:51)
at org.openqa.selenium.remote.HttpCommandExecutor.execute(HttpCommandExecutor.java:191)
at org.openqa.selenium.remote.service.DriverCommandExecutor.invokeExecute(DriverCommandExecutor.java:196)
at org.openqa.selenium.remote.service.DriverCommandExecutor.execute(DriverCommandExecutor.java:171)
at org.openqa.selenium.remote.RemoteWebDriver.execute(RemoteWebDriver.java:531)
at org.openqa.selenium.remote.RemoteWebElement.execute(RemoteWebElement.java:242)
at org.openqa.selenium.remote.RemoteWebElement.getText(RemoteWebElement.java:192)
at framework.Signup.selectGender(Signup.java:137)
at framework.TS_01.TC_38(TS_01.java:254)
at java.base/jdk.internal.reflect.NativeMethodAccessorImpl.invoke0(Native Method)
at java.base/jdk.internal.reflect.NativeMethodAccessorImpl.invoke(NativeMethodAccessorImpl.java:77)
at java.base/jdk.internal.reflect.DelegatingMethodAccessorImpl.invoke(DelegatingMethodAccessorImpl.java:43)
at java.base/java.lang.reflect.Method.invoke(Method.java:568)
at org.testng.internal.MethodInvocationHelper.invokeMethod(MethodInvocationHelper.java:133)
at org.testng.internal.TestInvoker.invokeMethod(TestInvoker.java:598)
at org.testng.internal.TestInvoker.invokeTestMethod(TestInvoker.java:173)
at org.testng.internal.MethodRunner.runInSequence(MethodRunner.java:46)
at org.testng.internal.TestInvoker$MethodInvocationAgent.invoke(TestInvoker.java:824)
at org.testng.internal.TestInvoker.invokeTestMethods(TestInvoker.java:146)
at org.testng.internal.TestMethodWorker.invokeTestMethods(TestMethodWorker.java:146)
at org.testng.internal.TestMethodWorker.run(TestMethodWorker.java:128)
at java.base/java.util.ArrayList.forEach(ArrayList.java:1511)
at org.testng.TestRunner.privateRun(TestRunner.java:794)
at org.testng.TestRunner.run(TestRunner.java:596)
at org.testng.SuiteRunner.runTest(SuiteRunner.java:377)
at org.testng.SuiteRunner.runSequentially(SuiteRunner.java:371)
at org.testng.SuiteRunner.privateRun(SuiteRunner.java:332)
at org.testng.SuiteRunner.run(SuiteRunner.java:276)
at org.testng.SuiteRunnerWorker.runSuite(SuiteRunnerWorker.java:53)
at org.testng.SuiteRunnerWorker.run(SuiteRunnerWorker.java:96)
at org.testng.TestNG.runSuitesSequentially(TestNG.java:1212)
at org.testng.TestNG.runSuitesLocally(TestNG.java:1134)
at org.testng.TestNG.runSuites(TestNG.java:1063)
at org.testng.TestNG.run(TestNG.java:1031)
at org.testng.remote.AbstractRemoteTestNG.run(AbstractRemoteTestNG.java:115)
at org.testng.remote.RemoteTestNG.initAndRun(RemoteTestNG.java:251)
at org.testng.remote.RemoteTestNG.main(RemoteTestNG.java:77)
]]>
            </full-stacktrace>
          </exception> <!-- org.openqa.selenium.StaleElementReferenceException -->
          <reporter-output>
          </reporter-output>
        </test-method> <!-- TC_38 -->
        <test-method is-config="true" signature="closeBrowser()[pri:0, instance:framework.TS_01@209da20d]" started-at="2023-07-07T14:33:49 IST" name="closeBrowser" finished-at="2023-07-07T14:34:00 IST" duration-ms="10886" status="PASS">
          <reporter-output>
          </reporter-output>
        </test-method> <!-- closeBrowser -->
        <test-method is-config="true" signature="launchBrowser()[pri:0, instance:framework.TS_01@209da20d]" started-at="2023-07-07T14:34:00 IST" name="launchBrowser" finished-at="2023-07-07T14:34:31 IST" duration-ms="31137" status="PASS">
          <reporter-output>
          </reporter-output>
        </test-method> <!-- launchBrowser -->
        <test-method signature="TC_01()[pri:1, instance:framework.TS_01@209da20d]" started-at="2023-07-07T14:34:31 IST" name="TC_01" finished-at="2023-07-07T14:34:36 IST" duration-ms="4286" status="PASS">
          <reporter-output>
          </reporter-output>
        </test-method> <!-- TC_01 -->
        <test-method is-config="true" signature="closeBrowser()[pri:0, instance:framework.TS_01@209da20d]" started-at="2023-07-07T14:34:36 IST" name="closeBrowser" finished-at="2023-07-07T14:34:39 IST" duration-ms="3263" status="PASS">
          <reporter-output>
          </reporter-output>
        </test-method> <!-- closeBrowser -->
        <test-method is-config="true" signature="launchBrowser()[pri:0, instance:framework.TS_01@209da20d]" started-at="2023-07-07T14:34:39 IST" name="launchBrowser" finished-at="2023-07-07T14:35:16 IST" duration-ms="36676" status="PASS">
          <reporter-output>
          </reporter-output>
        </test-method> <!-- launchBrowser -->
        <test-method signature="TC_02()[pri:2, instance:framework.TS_01@209da20d]" started-at="2023-07-07T14:35:16 IST" name="TC_02" finished-at="2023-07-07T14:35:26 IST" duration-ms="10835" status="PASS">
          <reporter-output>
          </reporter-output>
        </test-method> <!-- TC_02 -->
        <test-method is-config="true" signature="closeBrowser()[pri:0, instance:framework.TS_01@209da20d]" started-at="2023-07-07T14:35:26 IST" name="closeBrowser" finished-at="2023-07-07T14:35:31 IST" duration-ms="4114" status="PASS">
          <reporter-output>
          </reporter-output>
        </test-method> <!-- closeBrowser -->
        <test-method is-config="true" signature="launchBrowser()[pri:0, instance:framework.TS_01@209da20d]" started-at="2023-07-07T14:35:31 IST" name="launchBrowser" finished-at="2023-07-07T14:36:12 IST" duration-ms="41283" status="PASS">
          <reporter-output>
          </reporter-output>
        </test-method> <!-- launchBrowser -->
        <test-method signature="TC_03()[pri:3, instance:framework.TS_01@209da20d]" started-at="2023-07-07T14:36:12 IST" name="TC_03" finished-at="2023-07-07T14:36:22 IST" duration-ms="9717" status="PASS">
          <reporter-output>
          </reporter-output>
        </test-method> <!-- TC_03 -->
        <test-method is-config="true" signature="closeBrowser()[pri:0, instance:framework.TS_01@209da20d]" started-at="2023-07-07T14:36:22 IST" name="closeBrowser" finished-at="2023-07-07T14:36:24 IST" duration-ms="1984" status="PASS">
          <reporter-output>
          </reporter-output>
        </test-method> <!-- closeBrowser -->
        <test-method is-config="true" signature="launchBrowser()[pri:0, instance:framework.TS_01@209da20d]" started-at="2023-07-07T14:36:24 IST" name="launchBrowser" finished-at="2023-07-07T14:36:53 IST" duration-ms="29262" status="PASS">
          <reporter-output>
          </reporter-output>
        </test-method> <!-- launchBrowser -->
        <test-method signature="TC_04()[pri:4, instance:framework.TS_01@209da20d]" started-at="2023-07-07T14:36:53 IST" name="TC_04" finished-at="2023-07-07T14:36:58 IST" duration-ms="5088" status="PASS">
          <reporter-output>
          </reporter-output>
        </test-method> <!-- TC_04 -->
        <test-method is-config="true" signature="closeBrowser()[pri:0, instance:framework.TS_01@209da20d]" started-at="2023-07-07T14:36:58 IST" name="closeBrowser" finished-at="2023-07-07T14:37:00 IST" duration-ms="2156" status="PASS">
          <reporter-output>
          </reporter-output>
        </test-method> <!-- closeBrowser -->
        <test-method is-config="true" signature="launchBrowser()[pri:0, instance:framework.TS_01@209da20d]" started-at="2023-07-07T14:37:00 IST" name="launchBrowser" finished-at="2023-07-07T14:37:39 IST" duration-ms="38846" status="PASS">
          <reporter-output>
          </reporter-output>
        </test-method> <!-- launchBrowser -->
        <test-method signature="TC_05()[pri:5, instance:framework.TS_01@209da20d]" started-at="2023-07-07T14:37:39 IST" name="TC_05" finished-at="2023-07-07T14:37:41 IST" duration-ms="2099" status="PASS">
          <reporter-output>
          </reporter-output>
        </test-method> <!-- TC_05 -->
        <test-method is-config="true" signature="closeBrowser()[pri:0, instance:framework.TS_01@209da20d]" started-at="2023-07-07T14:37:41 IST" name="closeBrowser" finished-at="2023-07-07T14:37:44 IST" duration-ms="2759" status="PASS">
          <reporter-output>
          </reporter-output>
        </test-method> <!-- closeBrowser -->
        <test-method is-config="true" signature="launchBrowser()[pri:0, instance:framework.TS_01@209da20d]" started-at="2023-07-07T14:37:44 IST" name="launchBrowser" finished-at="2023-07-07T14:38:26 IST" duration-ms="41957" status="PASS">
          <reporter-output>
          </reporter-output>
        </test-method> <!-- launchBrowser -->
        <test-method signature="TC_06()[pri:6, instance:framework.TS_01@209da20d]" started-at="2023-07-07T14:38:26 IST" name="TC_06" finished-at="2023-07-07T14:38:29 IST" duration-ms="3103" status="PASS">
          <reporter-output>
          </reporter-output>
        </test-method> <!-- TC_06 -->
        <test-method is-config="true" signature="closeBrowser()[pri:0, instance:framework.TS_01@209da20d]" started-at="2023-07-07T14:38:29 IST" name="closeBrowser" finished-at="2023-07-07T14:38:31 IST" duration-ms="1930" status="PASS">
          <reporter-output>
          </reporter-output>
        </test-method> <!-- closeBrowser -->
        <test-method is-config="true" signature="launchBrowser()[pri:0, instance:framework.TS_01@209da20d]" started-at="2023-07-07T14:38:31 IST" name="launchBrowser" finished-at="2023-07-07T14:39:00 IST" duration-ms="29549" status="PASS">
          <reporter-output>
          </reporter-output>
        </test-method> <!-- launchBrowser -->
        <test-method signature="TC_07()[pri:7, instance:framework.TS_01@209da20d]" started-at="2023-07-07T14:39:00 IST" name="TC_07" finished-at="2023-07-07T14:39:02 IST" duration-ms="1751" status="PASS">
          <reporter-output>
          </reporter-output>
        </test-method> <!-- TC_07 -->
        <test-method is-config="true" signature="closeBrowser()[pri:0, instance:framework.TS_01@209da20d]" started-at="2023-07-07T14:39:02 IST" name="closeBrowser" finished-at="2023-07-07T14:39:03 IST" duration-ms="1214" status="PASS">
          <reporter-output>
          </reporter-output>
        </test-method> <!-- closeBrowser -->
        <test-method is-config="true" signature="launchBrowser()[pri:0, instance:framework.TS_01@209da20d]" started-at="2023-07-07T14:39:03 IST" name="launchBrowser" finished-at="2023-07-07T14:39:25 IST" duration-ms="21532" status="PASS">
          <reporter-output>
          </reporter-output>
        </test-method> <!-- launchBrowser -->
        <test-method signature="TC_08()[pri:8, instance:framework.TS_01@209da20d]" started-at="2023-07-07T14:39:25 IST" name="TC_08" finished-at="2023-07-07T14:39:26 IST" duration-ms="1081" status="PASS">
          <reporter-output>
          </reporter-output>
        </test-method> <!-- TC_08 -->
        <test-method is-config="true" signature="closeBrowser()[pri:0, instance:framework.TS_01@209da20d]" started-at="2023-07-07T14:39:26 IST" name="closeBrowser" finished-at="2023-07-07T14:39:27 IST" duration-ms="950" status="PASS">
          <reporter-output>
          </reporter-output>
        </test-method> <!-- closeBrowser -->
        <test-method is-config="true" signature="launchBrowser()[pri:0, instance:framework.TS_01@209da20d]" started-at="2023-07-07T14:39:27 IST" name="launchBrowser" finished-at="2023-07-07T14:39:47 IST" duration-ms="19901" status="PASS">
          <reporter-output>
          </reporter-output>
        </test-method> <!-- launchBrowser -->
        <test-method signature="TC_09()[pri:9, instance:framework.TS_01@209da20d]" started-at="2023-07-07T14:39:47 IST" name="TC_09" finished-at="2023-07-07T14:39:49 IST" duration-ms="1929" status="PASS">
          <reporter-output>
          </reporter-output>
        </test-method> <!-- TC_09 -->
        <test-method is-config="true" signature="closeBrowser()[pri:0, instance:framework.TS_01@209da20d]" started-at="2023-07-07T14:39:49 IST" name="closeBrowser" finished-at="2023-07-07T14:39:50 IST" duration-ms="1028" status="PASS">
          <reporter-output>
          </reporter-output>
        </test-method> <!-- closeBrowser -->
        <test-method is-config="true" signature="launchBrowser()[pri:0, instance:framework.TS_01@209da20d]" started-at="2023-07-07T14:39:50 IST" name="launchBrowser" finished-at="2023-07-07T14:40:11 IST" duration-ms="20990" status="PASS">
          <reporter-output>
          </reporter-output>
        </test-method> <!-- launchBrowser -->
        <test-method signature="TC_10()[pri:10, instance:framework.TS_01@209da20d]" started-at="2023-07-07T14:40:11 IST" name="TC_10" finished-at="2023-07-07T14:40:12 IST" duration-ms="1478" status="PASS">
          <reporter-output>
          </reporter-output>
        </test-method> <!-- TC_10 -->
        <test-method is-config="true" signature="closeBrowser()[pri:0, instance:framework.TS_01@209da20d]" started-at="2023-07-07T14:40:12 IST" name="closeBrowser" finished-at="2023-07-07T14:40:13 IST" duration-ms="1055" status="PASS">
          <reporter-output>
          </reporter-output>
        </test-method> <!-- closeBrowser -->
        <test-method is-config="true" signature="launchBrowser()[pri:0, instance:framework.TS_01@209da20d]" started-at="2023-07-07T14:40:13 IST" name="launchBrowser" finished-at="2023-07-07T14:40:36 IST" duration-ms="22457" status="PASS">
          <reporter-output>
          </reporter-output>
        </test-method> <!-- launchBrowser -->
        <test-method signature="TC_11()[pri:11, instance:framework.TS_01@209da20d]" started-at="2023-07-07T14:40:36 IST" name="TC_11" finished-at="2023-07-07T14:40:38 IST" duration-ms="2448" status="PASS">
          <reporter-output>
          </reporter-output>
        </test-method> <!-- TC_11 -->
        <test-method is-config="true" signature="closeBrowser()[pri:0, instance:framework.TS_01@209da20d]" started-at="2023-07-07T14:40:38 IST" name="closeBrowser" finished-at="2023-07-07T14:40:39 IST" duration-ms="934" status="PASS">
          <reporter-output>
          </reporter-output>
        </test-method> <!-- closeBrowser -->
        <test-method is-config="true" signature="launchBrowser()[pri:0, instance:framework.TS_01@209da20d]" started-at="2023-07-07T14:40:39 IST" name="launchBrowser" finished-at="2023-07-07T14:41:03 IST" duration-ms="24338" status="PASS">
          <reporter-output>
          </reporter-output>
        </test-method> <!-- launchBrowser -->
        <test-method signature="TC_12()[pri:12, instance:framework.TS_01@209da20d]" started-at="2023-07-07T14:41:03 IST" name="TC_12" finished-at="2023-07-07T14:41:06 IST" duration-ms="2741" status="PASS">
          <reporter-output>
          </reporter-output>
        </test-method> <!-- TC_12 -->
        <test-method is-config="true" signature="closeBrowser()[pri:0, instance:framework.TS_01@209da20d]" started-at="2023-07-07T14:41:06 IST" name="closeBrowser" finished-at="2023-07-07T14:41:07 IST" duration-ms="967" status="PASS">
          <reporter-output>
          </reporter-output>
        </test-method> <!-- closeBrowser -->
        <test-method is-config="true" signature="launchBrowser()[pri:0, instance:framework.TS_01@209da20d]" started-at="2023-07-07T14:41:07 IST" name="launchBrowser" finished-at="2023-07-07T14:41:28 IST" duration-ms="20573" status="PASS">
          <reporter-output>
          </reporter-output>
        </test-method> <!-- launchBrowser -->
        <test-method signature="TC_13()[pri:13, instance:framework.TS_01@209da20d]" started-at="2023-07-07T14:41:28 IST" name="TC_13" finished-at="2023-07-07T14:41:29 IST" duration-ms="1512" status="PASS">
          <reporter-output>
          </reporter-output>
        </test-method> <!-- TC_13 -->
        <test-method is-config="true" signature="closeBrowser()[pri:0, instance:framework.TS_01@209da20d]" started-at="2023-07-07T14:41:29 IST" name="closeBrowser" finished-at="2023-07-07T14:41:31 IST" duration-ms="1664" status="PASS">
          <reporter-output>
          </reporter-output>
        </test-method> <!-- closeBrowser -->
        <test-method is-config="true" signature="launchBrowser()[pri:0, instance:framework.TS_01@209da20d]" started-at="2023-07-07T14:41:31 IST" name="launchBrowser" finished-at="2023-07-07T14:41:54 IST" duration-ms="22677" status="PASS">
          <reporter-output>
          </reporter-output>
        </test-method> <!-- launchBrowser -->
        <test-method signature="TC_14()[pri:14, instance:framework.TS_01@209da20d]" started-at="2023-07-07T14:41:54 IST" name="TC_14" finished-at="2023-07-07T14:41:54 IST" duration-ms="55" status="PASS">
          <reporter-output>
          </reporter-output>
        </test-method> <!-- TC_14 -->
        <test-method is-config="true" signature="closeBrowser()[pri:0, instance:framework.TS_01@209da20d]" started-at="2023-07-07T14:41:54 IST" name="closeBrowser" finished-at="2023-07-07T14:41:55 IST" duration-ms="970" status="PASS">
          <reporter-output>
          </reporter-output>
        </test-method> <!-- closeBrowser -->
        <test-method is-config="true" signature="launchBrowser()[pri:0, instance:framework.TS_01@209da20d]" started-at="2023-07-07T14:41:55 IST" name="launchBrowser" finished-at="2023-07-07T14:42:15 IST" duration-ms="20003" status="PASS">
          <reporter-output>
          </reporter-output>
        </test-method> <!-- launchBrowser -->
        <test-method signature="TC_15()[pri:15, instance:framework.TS_01@209da20d]" started-at="2023-07-07T14:42:15 IST" name="TC_15" finished-at="2023-07-07T14:42:15 IST" duration-ms="368" status="PASS">
          <reporter-output>
          </reporter-output>
        </test-method> <!-- TC_15 -->
        <test-method is-config="true" signature="closeBrowser()[pri:0, instance:framework.TS_01@209da20d]" started-at="2023-07-07T14:42:15 IST" name="closeBrowser" finished-at="2023-07-07T14:42:16 IST" duration-ms="1302" status="PASS">
          <reporter-output>
          </reporter-output>
        </test-method> <!-- closeBrowser -->
        <test-method is-config="true" signature="launchBrowser()[pri:0, instance:framework.TS_01@209da20d]" started-at="2023-07-07T14:42:16 IST" name="launchBrowser" finished-at="2023-07-07T14:42:37 IST" duration-ms="20505" status="PASS">
          <reporter-output>
          </reporter-output>
        </test-method> <!-- launchBrowser -->
        <test-method signature="TC_16()[pri:16, instance:framework.TS_01@209da20d]" started-at="2023-07-07T14:42:37 IST" name="TC_16" finished-at="2023-07-07T14:42:37 IST" duration-ms="426" status="PASS">
          <reporter-output>
          </reporter-output>
        </test-method> <!-- TC_16 -->
        <test-method is-config="true" signature="closeBrowser()[pri:0, instance:framework.TS_01@209da20d]" started-at="2023-07-07T14:42:37 IST" name="closeBrowser" finished-at="2023-07-07T14:42:39 IST" duration-ms="1647" status="PASS">
          <reporter-output>
          </reporter-output>
        </test-method> <!-- closeBrowser -->
        <test-method is-config="true" signature="launchBrowser()[pri:0, instance:framework.TS_01@209da20d]" started-at="2023-07-07T14:42:39 IST" name="launchBrowser" finished-at="2023-07-07T14:42:59 IST" duration-ms="20553" status="PASS">
          <reporter-output>
          </reporter-output>
        </test-method> <!-- launchBrowser -->
        <test-method signature="TC_17()[pri:17, instance:framework.TS_01@209da20d]" started-at="2023-07-07T14:42:59 IST" name="TC_17" finished-at="2023-07-07T14:43:05 IST" duration-ms="5468" status="PASS">
          <reporter-output>
          </reporter-output>
        </test-method> <!-- TC_17 -->
        <test-method is-config="true" signature="closeBrowser()[pri:0, instance:framework.TS_01@209da20d]" started-at="2023-07-07T14:43:05 IST" name="closeBrowser" finished-at="2023-07-07T14:43:07 IST" duration-ms="1942" status="PASS">
          <reporter-output>
          </reporter-output>
        </test-method> <!-- closeBrowser -->
        <test-method is-config="true" signature="launchBrowser()[pri:0, instance:framework.TS_01@209da20d]" started-at="2023-07-07T14:43:07 IST" name="launchBrowser" finished-at="2023-07-07T14:43:30 IST" duration-ms="23314" status="PASS">
          <reporter-output>
          </reporter-output>
        </test-method> <!-- launchBrowser -->
        <test-method signature="TC_18()[pri:18, instance:framework.TS_01@209da20d]" started-at="2023-07-07T14:43:30 IST" name="TC_18" finished-at="2023-07-07T14:43:46 IST" duration-ms="15525" status="PASS">
          <reporter-output>
          </reporter-output>
        </test-method> <!-- TC_18 -->
        <test-method is-config="true" signature="closeBrowser()[pri:0, instance:framework.TS_01@209da20d]" started-at="2023-07-07T14:43:46 IST" name="closeBrowser" finished-at="2023-07-07T14:43:47 IST" duration-ms="1246" status="PASS">
          <reporter-output>
          </reporter-output>
        </test-method> <!-- closeBrowser -->
        <test-method is-config="true" signature="launchBrowser()[pri:0, instance:framework.TS_01@209da20d]" started-at="2023-07-07T14:43:47 IST" name="launchBrowser" finished-at="2023-07-07T14:44:11 IST" duration-ms="24271" status="PASS">
          <reporter-output>
          </reporter-output>
        </test-method> <!-- launchBrowser -->
        <test-method signature="TC_19()[pri:19, instance:framework.TS_01@209da20d]" started-at="2023-07-07T14:44:11 IST" name="TC_19" finished-at="2023-07-07T14:44:23 IST" duration-ms="11814" status="PASS">
          <reporter-output>
          </reporter-output>
        </test-method> <!-- TC_19 -->
        <test-method is-config="true" signature="closeBrowser()[pri:0, instance:framework.TS_01@209da20d]" started-at="2023-07-07T14:44:23 IST" name="closeBrowser" finished-at="2023-07-07T14:44:25 IST" duration-ms="2013" status="PASS">
          <reporter-output>
          </reporter-output>
        </test-method> <!-- closeBrowser -->
        <test-method is-config="true" signature="launchBrowser()[pri:0, instance:framework.TS_01@209da20d]" started-at="2023-07-07T14:44:25 IST" name="launchBrowser" finished-at="2023-07-07T14:45:08 IST" duration-ms="42554" status="PASS">
          <reporter-output>
          </reporter-output>
        </test-method> <!-- launchBrowser -->
        <test-method signature="TC_20()[pri:20, instance:framework.TS_01@209da20d]" started-at="2023-07-07T14:45:08 IST" name="TC_20" finished-at="2023-07-07T14:45:10 IST" duration-ms="2488" status="PASS">
          <reporter-output>
          </reporter-output>
        </test-method> <!-- TC_20 -->
        <test-method is-config="true" signature="closeBrowser()[pri:0, instance:framework.TS_01@209da20d]" started-at="2023-07-07T14:45:10 IST" name="closeBrowser" finished-at="2023-07-07T14:45:15 IST" duration-ms="4984" status="PASS">
          <reporter-output>
          </reporter-output>
        </test-method> <!-- closeBrowser -->
        <test-method is-config="true" signature="launchBrowser()[pri:0, instance:framework.TS_01@209da20d]" started-at="2023-07-07T14:45:15 IST" name="launchBrowser" finished-at="2023-07-07T14:45:45 IST" duration-ms="30213" status="PASS">
          <reporter-output>
          </reporter-output>
        </test-method> <!-- launchBrowser -->
        <test-method signature="TC_21()[pri:21, instance:framework.TS_01@209da20d]" started-at="2023-07-07T14:45:45 IST" name="TC_21" finished-at="2023-07-07T14:45:54 IST" duration-ms="8459" status="PASS">
          <reporter-output>
            <line>
              <![CDATA[saveetha engineering college]]>
            </line>
          </reporter-output>
        </test-method> <!-- TC_21 -->
        <test-method is-config="true" signature="closeBrowser()[pri:0, instance:framework.TS_01@209da20d]" started-at="2023-07-07T14:45:54 IST" name="closeBrowser" finished-at="2023-07-07T14:46:00 IST" duration-ms="6105" status="PASS">
          <reporter-output>
          </reporter-output>
        </test-method> <!-- closeBrowser -->
        <test-method is-config="true" signature="launchBrowser()[pri:0, instance:framework.TS_01@209da20d]" started-at="2023-07-07T14:46:00 IST" name="launchBrowser" finished-at="2023-07-07T14:46:33 IST" duration-ms="33159" status="PASS">
          <reporter-output>
          </reporter-output>
        </test-method> <!-- launchBrowser -->
        <test-method signature="TC_22()[pri:22, instance:framework.TS_01@209da20d]" started-at="2023-07-07T14:46:33 IST" name="TC_22" finished-at="2023-07-07T14:46:35 IST" duration-ms="1894" status="PASS">
          <reporter-output>
          </reporter-output>
        </test-method> <!-- TC_22 -->
        <test-method is-config="true" signature="closeBrowser()[pri:0, instance:framework.TS_01@209da20d]" started-at="2023-07-07T14:46:35 IST" name="closeBrowser" finished-at="2023-07-07T14:46:43 IST" duration-ms="7917" status="PASS">
          <reporter-output>
          </reporter-output>
        </test-method> <!-- closeBrowser -->
        <test-method is-config="true" signature="launchBrowser()[pri:0, instance:framework.TS_01@209da20d]" started-at="2023-07-07T14:46:43 IST" name="launchBrowser" finished-at="2023-07-07T14:47:14 IST" duration-ms="31422" status="PASS">
          <reporter-output>
          </reporter-output>
        </test-method> <!-- launchBrowser -->
        <test-method signature="TC_23()[pri:23, instance:framework.TS_01@209da20d]" started-at="2023-07-07T14:47:14 IST" name="TC_23" finished-at="2023-07-07T14:47:16 IST" duration-ms="1618" status="PASS">
          <reporter-output>
          </reporter-output>
        </test-method> <!-- TC_23 -->
        <test-method is-config="true" signature="closeBrowser()[pri:0, instance:framework.TS_01@209da20d]" started-at="2023-07-07T14:47:16 IST" name="closeBrowser" finished-at="2023-07-07T14:47:19 IST" duration-ms="2573" status="PASS">
          <reporter-output>
          </reporter-output>
        </test-method> <!-- closeBrowser -->
        <test-method is-config="true" signature="launchBrowser()[pri:0, instance:framework.TS_01@209da20d]" started-at="2023-07-07T14:47:19 IST" name="launchBrowser" finished-at="2023-07-07T14:47:38 IST" duration-ms="19747" status="PASS">
          <reporter-output>
          </reporter-output>
        </test-method> <!-- launchBrowser -->
        <test-method signature="TC_24()[pri:24, instance:framework.TS_01@209da20d]" started-at="2023-07-07T14:47:38 IST" name="TC_24" finished-at="2023-07-07T14:47:40 IST" duration-ms="1259" status="PASS">
          <reporter-output>
          </reporter-output>
        </test-method> <!-- TC_24 -->
        <test-method is-config="true" signature="closeBrowser()[pri:0, instance:framework.TS_01@209da20d]" started-at="2023-07-07T14:47:40 IST" name="closeBrowser" finished-at="2023-07-07T14:47:41 IST" duration-ms="1029" status="PASS">
          <reporter-output>
          </reporter-output>
        </test-method> <!-- closeBrowser -->
        <test-method is-config="true" signature="launchBrowser()[pri:0, instance:framework.TS_01@209da20d]" started-at="2023-07-07T14:47:41 IST" name="launchBrowser" finished-at="2023-07-07T14:48:00 IST" duration-ms="19337" status="PASS">
          <reporter-output>
          </reporter-output>
        </test-method> <!-- launchBrowser -->
        <test-method signature="TC_25()[pri:25, instance:framework.TS_01@209da20d]" started-at="2023-07-07T14:48:00 IST" name="TC_25" finished-at="2023-07-07T14:48:01 IST" duration-ms="1461" status="PASS">
          <reporter-output>
          </reporter-output>
        </test-method> <!-- TC_25 -->
        <test-method is-config="true" signature="closeBrowser()[pri:0, instance:framework.TS_01@209da20d]" started-at="2023-07-07T14:48:01 IST" name="closeBrowser" finished-at="2023-07-07T14:48:03 IST" duration-ms="1305" status="PASS">
          <reporter-output>
          </reporter-output>
        </test-method> <!-- closeBrowser -->
        <test-method is-config="true" signature="launchBrowser()[pri:0, instance:framework.TS_01@209da20d]" started-at="2023-07-07T14:48:03 IST" name="launchBrowser" finished-at="2023-07-07T14:48:23 IST" duration-ms="19873" status="PASS">
          <reporter-output>
          </reporter-output>
        </test-method> <!-- launchBrowser -->
        <test-method signature="TC_26()[pri:26, instance:framework.TS_01@209da20d]" started-at="2023-07-07T14:48:23 IST" name="TC_26" finished-at="2023-07-07T14:48:24 IST" duration-ms="1257" status="PASS">
          <reporter-output>
          </reporter-output>
        </test-method> <!-- TC_26 -->
        <test-method is-config="true" signature="closeBrowser()[pri:0, instance:framework.TS_01@209da20d]" started-at="2023-07-07T14:48:24 IST" name="closeBrowser" finished-at="2023-07-07T14:48:25 IST" duration-ms="1205" status="PASS">
          <reporter-output>
          </reporter-output>
        </test-method> <!-- closeBrowser -->
        <test-method is-config="true" signature="launchBrowser()[pri:0, instance:framework.TS_01@209da20d]" started-at="2023-07-07T14:48:25 IST" name="launchBrowser" finished-at="2023-07-07T14:48:48 IST" duration-ms="23112" status="PASS">
          <reporter-output>
          </reporter-output>
        </test-method> <!-- launchBrowser -->
        <test-method signature="TC_27()[pri:27, instance:framework.TS_01@209da20d]" started-at="2023-07-07T14:48:48 IST" name="TC_27" finished-at="2023-07-07T14:48:48 IST" duration-ms="352" status="PASS">
          <reporter-output>
          </reporter-output>
        </test-method> <!-- TC_27 -->
        <test-method is-config="true" signature="closeBrowser()[pri:0, instance:framework.TS_01@209da20d]" started-at="2023-07-07T14:48:48 IST" name="closeBrowser" finished-at="2023-07-07T14:48:50 IST" duration-ms="1081" status="PASS">
          <reporter-output>
          </reporter-output>
        </test-method> <!-- closeBrowser -->
        <test-method is-config="true" signature="launchBrowser()[pri:0, instance:framework.TS_01@209da20d]" started-at="2023-07-07T14:48:50 IST" name="launchBrowser" finished-at="2023-07-07T14:49:10 IST" duration-ms="20920" status="PASS">
          <reporter-output>
          </reporter-output>
        </test-method> <!-- launchBrowser -->
        <test-method signature="TC_28()[pri:28, instance:framework.TS_01@209da20d]" started-at="2023-07-07T14:49:10 IST" name="TC_28" finished-at="2023-07-07T14:49:14 IST" duration-ms="3209" status="PASS">
          <reporter-output>
          </reporter-output>
        </test-method> <!-- TC_28 -->
        <test-method is-config="true" signature="closeBrowser()[pri:0, instance:framework.TS_01@209da20d]" started-at="2023-07-07T14:49:14 IST" name="closeBrowser" finished-at="2023-07-07T14:49:15 IST" duration-ms="1285" status="PASS">
          <reporter-output>
          </reporter-output>
        </test-method> <!-- closeBrowser -->
        <test-method is-config="true" signature="launchBrowser()[pri:0, instance:framework.TS_01@209da20d]" started-at="2023-07-07T14:49:15 IST" name="launchBrowser" finished-at="2023-07-07T14:49:39 IST" duration-ms="24302" status="PASS">
          <reporter-output>
          </reporter-output>
        </test-method> <!-- launchBrowser -->
        <test-method signature="TC_29()[pri:29, instance:framework.TS_01@209da20d]" started-at="2023-07-07T14:49:39 IST" name="TC_29" finished-at="2023-07-07T14:49:54 IST" duration-ms="15023" status="PASS">
          <reporter-output>
          </reporter-output>
        </test-method> <!-- TC_29 -->
        <test-method is-config="true" signature="closeBrowser()[pri:0, instance:framework.TS_01@209da20d]" started-at="2023-07-07T14:49:54 IST" name="closeBrowser" finished-at="2023-07-07T14:49:56 IST" duration-ms="2032" status="PASS">
          <reporter-output>
          </reporter-output>
        </test-method> <!-- closeBrowser -->
        <test-method is-config="true" signature="launchBrowser()[pri:0, instance:framework.TS_01@209da20d]" started-at="2023-07-07T14:49:56 IST" name="launchBrowser" finished-at="2023-07-07T14:50:30 IST" duration-ms="34020" status="PASS">
          <reporter-output>
          </reporter-output>
        </test-method> <!-- launchBrowser -->
        <test-method signature="TC_30()[pri:30, instance:framework.TS_01@209da20d]" started-at="2023-07-07T14:50:30 IST" name="TC_30" finished-at="2023-07-07T14:50:36 IST" duration-ms="5694" status="PASS">
          <reporter-output>
          </reporter-output>
        </test-method> <!-- TC_30 -->
        <test-method is-config="true" signature="closeBrowser()[pri:0, instance:framework.TS_01@209da20d]" started-at="2023-07-07T14:50:36 IST" name="closeBrowser" finished-at="2023-07-07T14:50:37 IST" duration-ms="984" status="PASS">
          <reporter-output>
          </reporter-output>
        </test-method> <!-- closeBrowser -->
        <test-method is-config="true" signature="launchBrowser()[pri:0, instance:framework.TS_01@209da20d]" started-at="2023-07-07T14:50:37 IST" name="launchBrowser" finished-at="2023-07-07T14:50:58 IST" duration-ms="20674" status="PASS">
          <reporter-output>
          </reporter-output>
        </test-method> <!-- launchBrowser -->
        <test-method signature="TC_31()[pri:31, instance:framework.TS_01@209da20d]" started-at="2023-07-07T14:50:58 IST" name="TC_31" finished-at="2023-07-07T14:51:00 IST" duration-ms="2063" status="PASS">
          <reporter-output>
          </reporter-output>
        </test-method> <!-- TC_31 -->
        <test-method is-config="true" signature="closeBrowser()[pri:0, instance:framework.TS_01@209da20d]" started-at="2023-07-07T14:51:00 IST" name="closeBrowser" finished-at="2023-07-07T14:51:01 IST" duration-ms="1485" status="PASS">
          <reporter-output>
          </reporter-output>
        </test-method> <!-- closeBrowser -->
        <test-method is-config="true" signature="launchBrowser()[pri:0, instance:framework.TS_01@209da20d]" started-at="2023-07-07T14:51:01 IST" name="launchBrowser" finished-at="2023-07-07T14:51:21 IST" duration-ms="20033" status="PASS">
          <reporter-output>
          </reporter-output>
        </test-method> <!-- launchBrowser -->
        <test-method signature="TC_32()[pri:32, instance:framework.TS_01@209da20d]" started-at="2023-07-07T14:51:21 IST" name="TC_32" finished-at="2023-07-07T14:51:22 IST" duration-ms="1098" status="PASS">
          <reporter-output>
          </reporter-output>
        </test-method> <!-- TC_32 -->
        <test-method is-config="true" signature="closeBrowser()[pri:0, instance:framework.TS_01@209da20d]" started-at="2023-07-07T14:51:22 IST" name="closeBrowser" finished-at="2023-07-07T14:51:23 IST" duration-ms="909" status="PASS">
          <reporter-output>
          </reporter-output>
        </test-method> <!-- closeBrowser -->
        <test-method is-config="true" signature="launchBrowser()[pri:0, instance:framework.TS_01@209da20d]" started-at="2023-07-07T14:51:23 IST" name="launchBrowser" finished-at="2023-07-07T14:51:43 IST" duration-ms="19476" status="PASS">
          <reporter-output>
          </reporter-output>
        </test-method> <!-- launchBrowser -->
        <test-method signature="TC_33()[pri:33, instance:framework.TS_01@209da20d]" started-at="2023-07-07T14:51:43 IST" name="TC_33" finished-at="2023-07-07T14:51:44 IST" duration-ms="735" status="PASS">
          <reporter-output>
          </reporter-output>
        </test-method> <!-- TC_33 -->
        <test-method is-config="true" signature="closeBrowser()[pri:0, instance:framework.TS_01@209da20d]" started-at="2023-07-07T14:51:44 IST" name="closeBrowser" finished-at="2023-07-07T14:51:45 IST" duration-ms="1575" status="PASS">
          <reporter-output>
          </reporter-output>
        </test-method> <!-- closeBrowser -->
        <test-method is-config="true" signature="launchBrowser()[pri:0, instance:framework.TS_01@209da20d]" started-at="2023-07-07T14:51:45 IST" name="launchBrowser" finished-at="2023-07-07T14:52:04 IST" duration-ms="19298" status="PASS">
          <reporter-output>
          </reporter-output>
        </test-method> <!-- launchBrowser -->
        <test-method signature="TC_34()[pri:34, instance:framework.TS_01@209da20d]" started-at="2023-07-07T14:52:04 IST" name="TC_34" finished-at="2023-07-07T14:52:06 IST" duration-ms="1136" status="PASS">
          <reporter-output>
          </reporter-output>
        </test-method> <!-- TC_34 -->
        <test-method is-config="true" signature="closeBrowser()[pri:0, instance:framework.TS_01@209da20d]" started-at="2023-07-07T14:52:06 IST" name="closeBrowser" finished-at="2023-07-07T14:52:07 IST" duration-ms="1030" status="PASS">
          <reporter-output>
          </reporter-output>
        </test-method> <!-- closeBrowser -->
        <test-method is-config="true" signature="launchBrowser()[pri:0, instance:framework.TS_01@209da20d]" started-at="2023-07-07T14:52:07 IST" name="launchBrowser" finished-at="2023-07-07T14:52:26 IST" duration-ms="19544" status="PASS">
          <reporter-output>
          </reporter-output>
        </test-method> <!-- launchBrowser -->
        <test-method signature="TC_35()[pri:35, instance:framework.TS_01@209da20d]" started-at="2023-07-07T14:52:26 IST" name="TC_35" finished-at="2023-07-07T14:52:29 IST" duration-ms="2912" status="PASS">
          <reporter-output>
          </reporter-output>
        </test-method> <!-- TC_35 -->
        <test-method is-config="true" signature="closeBrowser()[pri:0, instance:framework.TS_01@209da20d]" started-at="2023-07-07T14:52:29 IST" name="closeBrowser" finished-at="2023-07-07T14:52:30 IST" duration-ms="911" status="PASS">
          <reporter-output>
          </reporter-output>
        </test-method> <!-- closeBrowser -->
        <test-method is-config="true" signature="launchBrowser()[pri:0, instance:framework.TS_01@209da20d]" started-at="2023-07-07T14:52:30 IST" name="launchBrowser" finished-at="2023-07-07T14:52:49 IST" duration-ms="19080" status="PASS">
          <reporter-output>
          </reporter-output>
        </test-method> <!-- launchBrowser -->
        <test-method signature="TC_36()[pri:36, instance:framework.TS_01@209da20d]" started-at="2023-07-07T14:52:49 IST" name="TC_36" finished-at="2023-07-07T14:52:51 IST" duration-ms="2131" status="PASS">
          <reporter-output>
          </reporter-output>
        </test-method> <!-- TC_36 -->
        <test-method is-config="true" signature="closeBrowser()[pri:0, instance:framework.TS_01@209da20d]" started-at="2023-07-07T14:52:51 IST" name="closeBrowser" finished-at="2023-07-07T14:52:52 IST" duration-ms="949" status="PASS">
          <reporter-output>
          </reporter-output>
        </test-method> <!-- closeBrowser -->
        <test-method is-config="true" signature="launchBrowser()[pri:0, instance:framework.TS_01@209da20d]" started-at="2023-07-07T14:52:52 IST" name="launchBrowser" finished-at="2023-07-07T14:53:13 IST" duration-ms="20745" status="PASS">
          <reporter-output>
          </reporter-output>
        </test-method> <!-- launchBrowser -->
        <test-method signature="TC_37()[pri:37, instance:framework.TS_01@209da20d]" started-at="2023-07-07T14:53:13 IST" name="TC_37" finished-at="2023-07-07T14:53:13 IST" duration-ms="51" status="PASS">
          <reporter-output>
          </reporter-output>
        </test-method> <!-- TC_37 -->
        <test-method is-config="true" signature="closeBrowser()[pri:0, instance:framework.TS_01@209da20d]" started-at="2023-07-07T14:53:13 IST" name="closeBrowser" finished-at="2023-07-07T14:53:14 IST" duration-ms="1001" status="PASS">
          <reporter-output>
          </reporter-output>
        </test-method> <!-- closeBrowser -->
        <test-method is-config="true" signature="launchBrowser()[pri:0, instance:framework.TS_01@209da20d]" started-at="2023-07-07T14:53:14 IST" name="launchBrowser" finished-at="2023-07-07T14:53:34 IST" duration-ms="20139" status="PASS">
          <reporter-output>
          </reporter-output>
        </test-method> <!-- launchBrowser -->
        <test-method signature="TC_39()[pri:39, instance:framework.TS_01@209da20d]" started-at="2023-07-07T14:53:34 IST" name="TC_39" finished-at="2023-07-07T14:53:42 IST" duration-ms="7517" status="FAIL">
          <exception class="org.openqa.selenium.StaleElementReferenceException">
            <message>
              <![CDATA[stale element reference: stale element not found
  (Session info: chrome=114.0.5735.199)
For documentation on this error, please visit: https://www.selenium.dev/documentation/webdriver/troubleshooting/errors#stale-element-reference-exception
Build info: version: '4.10.0', revision: 'c14d967899'
System info: os.name: 'Windows 10', os.arch: 'amd64', os.version: '10.0', java.version: '17.0.5'
Driver info: org.openqa.selenium.chrome.ChromeDriver
Command: [bfc336ddbdcbe85b95358e8a2e0aa9f7, getElementText {id=0E46A01D656229749992942CAEC8BAF6_element_26}]
Capabilities {acceptInsecureCerts: false, browserName: chrome, browserVersion: 114.0.5735.199, chrome: {chromedriverVersion: 114.0.5735.90 (386bc09e8f4f..., userDataDir: C:\Users\kamal\AppData\Loca...}, goog:chromeOptions: {debuggerAddress: localhost:56477}, networkConnectionEnabled: false, pageLoadStrategy: normal, platformName: windows, proxy: Proxy(), se:cdp: ws://localhost:56477/devtoo..., se:cdpVersion: 114.0.5735.199, setWindowRect: true, strictFileInteractability: false, timeouts: {implicit: 0, pageLoad: 300000, script: 30000}, unhandledPromptBehavior: dismiss and notify, webauthn:extension:credBlob: true, webauthn:extension:largeBlob: true, webauthn:extension:minPinLength: true, webauthn:extension:prf: true, webauthn:virtualAuthenticators: true}
Element: [[ChromeDriver: chrome on windows (bfc336ddbdcbe85b95358e8a2e0aa9f7)] -> xpath: //span[@class='mat-option-text']]
Session ID: bfc336ddbdcbe85b95358e8a2e0aa9f7]]>
            </message>
            <full-stacktrace>
              <![CDATA[org.openqa.selenium.StaleElementReferenceException: stale element reference: stale element not found
  (Session info: chrome=114.0.5735.199)
For documentation on this error, please visit: https://www.selenium.dev/documentation/webdriver/troubleshooting/errors#stale-element-reference-exception
Build info: version: '4.10.0', revision: 'c14d967899'
System info: os.name: 'Windows 10', os.arch: 'amd64', os.version: '10.0', java.version: '17.0.5'
Driver info: org.openqa.selenium.chrome.ChromeDriver
Command: [bfc336ddbdcbe85b95358e8a2e0aa9f7, getElementText {id=0E46A01D656229749992942CAEC8BAF6_element_26}]
Capabilities {acceptInsecureCerts: false, browserName: chrome, browserVersion: 114.0.5735.199, chrome: {chromedriverVersion: 114.0.5735.90 (386bc09e8f4f..., userDataDir: C:\Users\kamal\AppData\Loca...}, goog:chromeOptions: {debuggerAddress: localhost:56477}, networkConnectionEnabled: false, pageLoadStrategy: normal, platformName: windows, proxy: Proxy(), se:cdp: ws://localhost:56477/devtoo..., se:cdpVersion: 114.0.5735.199, setWindowRect: true, strictFileInteractability: false, timeouts: {implicit: 0, pageLoad: 300000, script: 30000}, unhandledPromptBehavior: dismiss and notify, webauthn:extension:credBlob: true, webauthn:extension:largeBlob: true, webauthn:extension:minPinLength: true, webauthn:extension:prf: true, webauthn:virtualAuthenticators: true}
Element: [[ChromeDriver: chrome on windows (bfc336ddbdcbe85b95358e8a2e0aa9f7)] -> xpath: //span[@class='mat-option-text']]
Session ID: bfc336ddbdcbe85b95358e8a2e0aa9f7
at java.base/jdk.internal.reflect.NativeConstructorAccessorImpl.newInstance0(Native Method)
at java.base/jdk.internal.reflect.NativeConstructorAccessorImpl.newInstance(NativeConstructorAccessorImpl.java:77)
at java.base/jdk.internal.reflect.DelegatingConstructorAccessorImpl.newInstance(DelegatingConstructorAccessorImpl.java:45)
at java.base/java.lang.reflect.Constructor.newInstanceWithCaller(Constructor.java:499)
at java.base/java.lang.reflect.Constructor.newInstance(Constructor.java:480)
at org.openqa.selenium.remote.codec.w3c.W3CHttpResponseCodec.createException(W3CHttpResponseCodec.java:199)
at org.openqa.selenium.remote.codec.w3c.W3CHttpResponseCodec.decode(W3CHttpResponseCodec.java:132)
at org.openqa.selenium.remote.codec.w3c.W3CHttpResponseCodec.decode(W3CHttpResponseCodec.java:51)
at org.openqa.selenium.remote.HttpCommandExecutor.execute(HttpCommandExecutor.java:191)
at org.openqa.selenium.remote.service.DriverCommandExecutor.invokeExecute(DriverCommandExecutor.java:196)
at org.openqa.selenium.remote.service.DriverCommandExecutor.execute(DriverCommandExecutor.java:171)
at org.openqa.selenium.remote.RemoteWebDriver.execute(RemoteWebDriver.java:531)
at org.openqa.selenium.remote.RemoteWebElement.execute(RemoteWebElement.java:242)
at org.openqa.selenium.remote.RemoteWebElement.getText(RemoteWebElement.java:192)
at framework.Signup.selectGender(Signup.java:137)
at framework.TS_01.TC_39(TS_01.java:270)
at java.base/jdk.internal.reflect.NativeMethodAccessorImpl.invoke0(Native Method)
at java.base/jdk.internal.reflect.NativeMethodAccessorImpl.invoke(NativeMethodAccessorImpl.java:77)
at java.base/jdk.internal.reflect.DelegatingMethodAccessorImpl.invoke(DelegatingMethodAccessorImpl.java:43)
at java.base/java.lang.reflect.Method.invoke(Method.java:568)
at org.testng.internal.MethodInvocationHelper.invokeMethod(MethodInvocationHelper.java:133)
at org.testng.internal.TestInvoker.invokeMethod(TestInvoker.java:598)
at org.testng.internal.TestInvoker.invokeTestMethod(TestInvoker.java:173)
at org.testng.internal.MethodRunner.runInSequence(MethodRunner.java:46)
at org.testng.internal.TestInvoker$MethodInvocationAgent.invoke(TestInvoker.java:824)
at org.testng.internal.TestInvoker.invokeTestMethods(TestInvoker.java:146)
at org.testng.internal.TestMethodWorker.invokeTestMethods(TestMethodWorker.java:146)
at org.testng.internal.TestMethodWorker.run(TestMethodWorker.java:128)
at java.base/java.util.ArrayList.forEach(ArrayList.java:1511)
at org.testng.TestRunner.privateRun(TestRunner.java:794)
at org.testng.TestRunner.run(TestRunner.java:596)
at org.testng.SuiteRunner.runTest(SuiteRunner.java:377)
at org.testng.SuiteRunner.runSequentially(SuiteRunner.java:371)
at org.testng.SuiteRunner.privateRun(SuiteRunner.java:332)
at org.testng.SuiteRunner.run(SuiteRunner.java:276)
at org.testng.SuiteRunnerWorker.runSuite(SuiteRunnerWorker.java:53)
at org.testng.SuiteRunnerWorker.run(SuiteRunnerWorker.java:96)
at org.testng.TestNG.runSuitesSequentially(TestNG.java:1212)
at org.testng.TestNG.runSuitesLocally(TestNG.java:1134)
at org.testng.TestNG.runSuites(TestNG.java:1063)
at org.testng.TestNG.run(TestNG.java:1031)
at org.testng.remote.AbstractRemoteTestNG.run(AbstractRemoteTestNG.java:115)
at org.testng.remote.RemoteTestNG.initAndRun(RemoteTestNG.java:251)
at org.testng.remote.RemoteTestNG.main(RemoteTestNG.java:77)
]]>
            </full-stacktrace>
          </exception> <!-- org.openqa.selenium.StaleElementReferenceException -->
          <reporter-output>
          </reporter-output>
        </test-method> <!-- TC_39 -->
        <test-method is-config="true" signature="closeBrowser()[pri:0, instance:framework.TS_01@209da20d]" started-at="2023-07-07T14:53:42 IST" name="closeBrowser" finished-at="2023-07-07T14:53:43 IST" duration-ms="1905" status="PASS">
          <reporter-output>
          </reporter-output>
        </test-method> <!-- closeBrowser -->
      </class> <!-- framework.TS_01 -->
      <class name="framework.TS_03">
        <test-method is-config="true" signature="launchBrowser()[pri:0, instance:framework.TS_03@4efac082]" started-at="2023-07-07T14:55:27 IST" name="launchBrowser" finished-at="2023-07-07T14:55:46 IST" duration-ms="19342" status="PASS">
          <reporter-output>
          </reporter-output>
        </test-method> <!-- launchBrowser -->
        <test-method signature="TC_01()[pri:1, instance:framework.TS_03@4efac082]" started-at="2023-07-07T14:55:46 IST" name="TC_01" finished-at="2023-07-07T14:55:47 IST" duration-ms="142" status="PASS">
          <reporter-output>
          </reporter-output>
        </test-method> <!-- TC_01 -->
        <test-method is-config="true" signature="closeBrowser()[pri:0, instance:framework.TS_03@4efac082]" started-at="2023-07-07T14:55:47 IST" name="closeBrowser" finished-at="2023-07-07T14:55:47 IST" duration-ms="933" status="PASS">
          <reporter-output>
          </reporter-output>
        </test-method> <!-- closeBrowser -->
        <test-method is-config="true" signature="launchBrowser()[pri:0, instance:framework.TS_03@4efac082]" started-at="2023-07-07T14:55:47 IST" name="launchBrowser" finished-at="2023-07-07T14:56:07 IST" duration-ms="19090" status="PASS">
          <reporter-output>
          </reporter-output>
        </test-method> <!-- launchBrowser -->
        <test-method signature="TC_02()[pri:2, instance:framework.TS_03@4efac082]" started-at="2023-07-07T14:56:07 IST" name="TC_02" finished-at="2023-07-07T14:56:07 IST" duration-ms="562" status="PASS">
          <reporter-output>
          </reporter-output>
        </test-method> <!-- TC_02 -->
        <test-method is-config="true" signature="closeBrowser()[pri:0, instance:framework.TS_03@4efac082]" started-at="2023-07-07T14:56:07 IST" name="closeBrowser" finished-at="2023-07-07T14:56:08 IST" duration-ms="886" status="PASS">
          <reporter-output>
          </reporter-output>
        </test-method> <!-- closeBrowser -->
        <test-method is-config="true" signature="launchBrowser()[pri:0, instance:framework.TS_03@4efac082]" started-at="2023-07-07T14:56:08 IST" name="launchBrowser" finished-at="2023-07-07T14:56:28 IST" duration-ms="19860" status="PASS">
          <reporter-output>
          </reporter-output>
        </test-method> <!-- launchBrowser -->
        <test-method signature="TC_03()[pri:3, instance:framework.TS_03@4efac082]" started-at="2023-07-07T14:56:28 IST" name="TC_03" finished-at="2023-07-07T14:56:28 IST" duration-ms="60" status="PASS">
          <reporter-output>
          </reporter-output>
        </test-method> <!-- TC_03 -->
        <test-method is-config="true" signature="closeBrowser()[pri:0, instance:framework.TS_03@4efac082]" started-at="2023-07-07T14:56:28 IST" name="closeBrowser" finished-at="2023-07-07T14:56:29 IST" duration-ms="879" status="PASS">
          <reporter-output>
          </reporter-output>
        </test-method> <!-- closeBrowser -->
        <test-method is-config="true" signature="launchBrowser()[pri:0, instance:framework.TS_03@4efac082]" started-at="2023-07-07T14:56:29 IST" name="launchBrowser" finished-at="2023-07-07T14:56:48 IST" duration-ms="19081" status="PASS">
          <reporter-output>
          </reporter-output>
        </test-method> <!-- launchBrowser -->
        <test-method signature="TC_04()[pri:4, instance:framework.TS_03@4efac082]" started-at="2023-07-07T14:56:48 IST" name="TC_04" finished-at="2023-07-07T14:56:49 IST" duration-ms="993" status="PASS">
          <reporter-output>
          </reporter-output>
        </test-method> <!-- TC_04 -->
        <test-method is-config="true" signature="closeBrowser()[pri:0, instance:framework.TS_03@4efac082]" started-at="2023-07-07T14:56:49 IST" name="closeBrowser" finished-at="2023-07-07T14:56:50 IST" duration-ms="967" status="PASS">
          <reporter-output>
          </reporter-output>
        </test-method> <!-- closeBrowser -->
        <test-method is-config="true" signature="launchBrowser()[pri:0, instance:framework.TS_03@4efac082]" started-at="2023-07-07T14:56:50 IST" name="launchBrowser" finished-at="2023-07-07T14:57:41 IST" duration-ms="51288" status="PASS">
          <reporter-output>
          </reporter-output>
        </test-method> <!-- launchBrowser -->
        <test-method signature="TC_05()[pri:5, instance:framework.TS_03@4efac082]" started-at="2023-07-07T14:57:41 IST" name="TC_05" finished-at="2023-07-07T14:57:42 IST" duration-ms="1070" status="PASS">
          <reporter-output>
          </reporter-output>
        </test-method> <!-- TC_05 -->
        <test-method is-config="true" signature="closeBrowser()[pri:0, instance:framework.TS_03@4efac082]" started-at="2023-07-07T14:57:42 IST" name="closeBrowser" finished-at="2023-07-07T14:57:47 IST" duration-ms="4972" status="PASS">
          <reporter-output>
          </reporter-output>
        </test-method> <!-- closeBrowser -->
        <test-method is-config="true" signature="launchBrowser()[pri:0, instance:framework.TS_03@4efac082]" started-at="2023-07-07T14:57:47 IST" name="launchBrowser" finished-at="2023-07-07T14:58:21 IST" duration-ms="34129" status="PASS">
          <reporter-output>
          </reporter-output>
        </test-method> <!-- launchBrowser -->
        <test-method signature="TC_06()[pri:6, instance:framework.TS_03@4efac082]" started-at="2023-07-07T14:58:21 IST" name="TC_06" finished-at="2023-07-07T14:58:21 IST" duration-ms="179" status="PASS">
          <reporter-output>
          </reporter-output>
        </test-method> <!-- TC_06 -->
        <test-method is-config="true" signature="closeBrowser()[pri:0, instance:framework.TS_03@4efac082]" started-at="2023-07-07T14:58:21 IST" name="closeBrowser" finished-at="2023-07-07T14:58:22 IST" duration-ms="759" status="PASS">
          <reporter-output>
          </reporter-output>
        </test-method> <!-- closeBrowser -->
        <test-method is-config="true" signature="launchBrowser()[pri:0, instance:framework.TS_03@4efac082]" started-at="2023-07-07T14:58:22 IST" name="launchBrowser" finished-at="2023-07-07T14:58:41 IST" duration-ms="18924" status="PASS">
          <reporter-output>
          </reporter-output>
        </test-method> <!-- launchBrowser -->
        <test-method signature="TC_07()[pri:7, instance:framework.TS_03@4efac082]" started-at="2023-07-07T14:58:41 IST" name="TC_07" finished-at="2023-07-07T14:58:41 IST" duration-ms="57" status="PASS">
          <reporter-output>
          </reporter-output>
        </test-method> <!-- TC_07 -->
        <test-method is-config="true" signature="closeBrowser()[pri:0, instance:framework.TS_03@4efac082]" started-at="2023-07-07T14:58:41 IST" name="closeBrowser" finished-at="2023-07-07T14:58:42 IST" duration-ms="920" status="PASS">
          <reporter-output>
          </reporter-output>
        </test-method> <!-- closeBrowser -->
        <test-method is-config="true" signature="launchBrowser()[pri:0, instance:framework.TS_03@4efac082]" started-at="2023-07-07T14:58:42 IST" name="launchBrowser" finished-at="2023-07-07T14:59:01 IST" duration-ms="18446" status="PASS">
          <reporter-output>
          </reporter-output>
        </test-method> <!-- launchBrowser -->
        <test-method signature="TC_08()[pri:8, instance:framework.TS_03@4efac082]" started-at="2023-07-07T14:59:01 IST" name="TC_08" finished-at="2023-07-07T14:59:01 IST" duration-ms="88" status="PASS">
          <reporter-output>
          </reporter-output>
        </test-method> <!-- TC_08 -->
        <test-method is-config="true" signature="closeBrowser()[pri:0, instance:framework.TS_03@4efac082]" started-at="2023-07-07T14:59:01 IST" name="closeBrowser" finished-at="2023-07-07T14:59:02 IST" duration-ms="911" status="PASS">
          <reporter-output>
          </reporter-output>
        </test-method> <!-- closeBrowser -->
        <test-method is-config="true" signature="launchBrowser()[pri:0, instance:framework.TS_03@4efac082]" started-at="2023-07-07T14:59:02 IST" name="launchBrowser" finished-at="2023-07-07T14:59:21 IST" duration-ms="19261" status="PASS">
          <reporter-output>
          </reporter-output>
        </test-method> <!-- launchBrowser -->
        <test-method signature="TC_09()[pri:9, instance:framework.TS_03@4efac082]" started-at="2023-07-07T14:59:21 IST" name="TC_09" finished-at="2023-07-07T14:59:21 IST" duration-ms="106" status="PASS">
          <reporter-output>
          </reporter-output>
        </test-method> <!-- TC_09 -->
        <test-method is-config="true" signature="closeBrowser()[pri:0, instance:framework.TS_03@4efac082]" started-at="2023-07-07T14:59:21 IST" name="closeBrowser" finished-at="2023-07-07T14:59:22 IST" duration-ms="938" status="PASS">
          <reporter-output>
          </reporter-output>
        </test-method> <!-- closeBrowser -->
        <test-method is-config="true" signature="launchBrowser()[pri:0, instance:framework.TS_03@4efac082]" started-at="2023-07-07T14:59:22 IST" name="launchBrowser" finished-at="2023-07-07T14:59:41 IST" duration-ms="19589" status="PASS">
          <reporter-output>
          </reporter-output>
        </test-method> <!-- launchBrowser -->
        <test-method signature="TC_11()[pri:11, instance:framework.TS_03@4efac082]" started-at="2023-07-07T14:59:41 IST" name="TC_11" finished-at="2023-07-07T14:59:42 IST" duration-ms="59" status="PASS">
          <reporter-output>
          </reporter-output>
        </test-method> <!-- TC_11 -->
        <test-method is-config="true" signature="closeBrowser()[pri:0, instance:framework.TS_03@4efac082]" started-at="2023-07-07T14:59:42 IST" name="closeBrowser" finished-at="2023-07-07T14:59:42 IST" duration-ms="883" status="PASS">
          <reporter-output>
          </reporter-output>
        </test-method> <!-- closeBrowser -->
        <test-method is-config="true" signature="launchBrowser()[pri:0, instance:framework.TS_03@4efac082]" started-at="2023-07-07T14:59:42 IST" name="launchBrowser" finished-at="2023-07-07T15:00:03 IST" duration-ms="20208" status="PASS">
          <reporter-output>
          </reporter-output>
        </test-method> <!-- launchBrowser -->
        <test-method signature="TC_12()[pri:12, instance:framework.TS_03@4efac082]" started-at="2023-07-07T15:00:03 IST" name="TC_12" finished-at="2023-07-07T15:00:03 IST" duration-ms="108" status="PASS">
          <reporter-output>
          </reporter-output>
        </test-method> <!-- TC_12 -->
        <test-method is-config="true" signature="closeBrowser()[pri:0, instance:framework.TS_03@4efac082]" started-at="2023-07-07T15:00:03 IST" name="closeBrowser" finished-at="2023-07-07T15:00:04 IST" duration-ms="872" status="PASS">
          <reporter-output>
          </reporter-output>
        </test-method> <!-- closeBrowser -->
        <test-method is-config="true" signature="launchBrowser()[pri:0, instance:framework.TS_03@4efac082]" started-at="2023-07-07T15:00:04 IST" name="launchBrowser" finished-at="2023-07-07T15:00:22 IST" duration-ms="18657" status="PASS">
          <reporter-output>
          </reporter-output>
        </test-method> <!-- launchBrowser -->
        <test-method signature="TC_14()[pri:14, instance:framework.TS_03@4efac082]" started-at="2023-07-07T15:00:22 IST" name="TC_14" finished-at="2023-07-07T15:00:22 IST" duration-ms="172" status="PASS">
          <reporter-output>
          </reporter-output>
        </test-method> <!-- TC_14 -->
        <test-method is-config="true" signature="closeBrowser()[pri:0, instance:framework.TS_03@4efac082]" started-at="2023-07-07T15:00:22 IST" name="closeBrowser" finished-at="2023-07-07T15:00:23 IST" duration-ms="802" status="PASS">
          <reporter-output>
          </reporter-output>
        </test-method> <!-- closeBrowser -->
        <test-method is-config="true" signature="launchBrowser()[pri:0, instance:framework.TS_03@4efac082]" started-at="2023-07-07T15:00:23 IST" name="launchBrowser" finished-at="2023-07-07T15:00:42 IST" duration-ms="18641" status="PASS">
          <reporter-output>
          </reporter-output>
        </test-method> <!-- launchBrowser -->
        <test-method signature="TC_15()[pri:15, instance:framework.TS_03@4efac082]" started-at="2023-07-07T15:00:42 IST" name="TC_15" finished-at="2023-07-07T15:00:42 IST" duration-ms="179" status="PASS">
          <reporter-output>
          </reporter-output>
        </test-method> <!-- TC_15 -->
        <test-method is-config="true" signature="closeBrowser()[pri:0, instance:framework.TS_03@4efac082]" started-at="2023-07-07T15:00:42 IST" name="closeBrowser" finished-at="2023-07-07T15:00:43 IST" duration-ms="1028" status="PASS">
          <reporter-output>
          </reporter-output>
        </test-method> <!-- closeBrowser -->
        <test-method is-config="true" signature="launchBrowser()[pri:0, instance:framework.TS_03@4efac082]" started-at="2023-07-07T15:00:43 IST" name="launchBrowser" finished-at="2023-07-07T15:01:02 IST" duration-ms="19293" status="PASS">
          <reporter-output>
          </reporter-output>
        </test-method> <!-- launchBrowser -->
        <test-method signature="TC_16()[pri:16, instance:framework.TS_03@4efac082]" started-at="2023-07-07T15:01:02 IST" name="TC_16" finished-at="2023-07-07T15:01:02 IST" duration-ms="62" status="PASS">
          <reporter-output>
          </reporter-output>
        </test-method> <!-- TC_16 -->
        <test-method is-config="true" signature="closeBrowser()[pri:0, instance:framework.TS_03@4efac082]" started-at="2023-07-07T15:01:02 IST" name="closeBrowser" finished-at="2023-07-07T15:01:03 IST" duration-ms="865" status="PASS">
          <reporter-output>
          </reporter-output>
        </test-method> <!-- closeBrowser -->
        <test-method is-config="true" signature="launchBrowser()[pri:0, instance:framework.TS_03@4efac082]" started-at="2023-07-07T15:01:03 IST" name="launchBrowser" finished-at="2023-07-07T15:01:22 IST" duration-ms="18490" status="PASS">
          <reporter-output>
          </reporter-output>
        </test-method> <!-- launchBrowser -->
        <test-method signature="TC_17()[pri:17, instance:framework.TS_03@4efac082]" started-at="2023-07-07T15:01:22 IST" name="TC_17" finished-at="2023-07-07T15:01:22 IST" duration-ms="105" status="PASS">
          <reporter-output>
          </reporter-output>
        </test-method> <!-- TC_17 -->
        <test-method is-config="true" signature="closeBrowser()[pri:0, instance:framework.TS_03@4efac082]" started-at="2023-07-07T15:01:22 IST" name="closeBrowser" finished-at="2023-07-07T15:01:23 IST" duration-ms="1002" status="PASS">
          <reporter-output>
          </reporter-output>
        </test-method> <!-- closeBrowser -->
        <test-method is-config="true" signature="launchBrowser()[pri:0, instance:framework.TS_03@4efac082]" started-at="2023-07-07T15:01:23 IST" name="launchBrowser" finished-at="2023-07-07T15:01:45 IST" duration-ms="22135" status="PASS">
          <reporter-output>
          </reporter-output>
        </test-method> <!-- launchBrowser -->
        <test-method signature="TC_18()[pri:18, instance:framework.TS_03@4efac082]" started-at="2023-07-07T15:01:45 IST" name="TC_18" finished-at="2023-07-07T15:01:49 IST" duration-ms="4395" status="PASS">
          <reporter-output>
          </reporter-output>
        </test-method> <!-- TC_18 -->
        <test-method is-config="true" signature="closeBrowser()[pri:0, instance:framework.TS_03@4efac082]" started-at="2023-07-07T15:01:49 IST" name="closeBrowser" finished-at="2023-07-07T15:01:51 IST" duration-ms="1172" status="PASS">
          <reporter-output>
          </reporter-output>
        </test-method> <!-- closeBrowser -->
        <test-method is-config="true" signature="launchBrowser()[pri:0, instance:framework.TS_03@4efac082]" started-at="2023-07-07T15:01:51 IST" name="launchBrowser" finished-at="2023-07-07T15:02:11 IST" duration-ms="20697" status="PASS">
          <reporter-output>
          </reporter-output>
        </test-method> <!-- launchBrowser -->
        <test-method signature="TC_19()[pri:19, instance:framework.TS_03@4efac082]" started-at="2023-07-07T15:02:11 IST" name="TC_19" finished-at="2023-07-07T15:02:11 IST" duration-ms="51" status="PASS">
          <reporter-output>
          </reporter-output>
        </test-method> <!-- TC_19 -->
        <test-method is-config="true" signature="closeBrowser()[pri:0, instance:framework.TS_03@4efac082]" started-at="2023-07-07T15:02:11 IST" name="closeBrowser" finished-at="2023-07-07T15:02:12 IST" duration-ms="935" status="PASS">
          <reporter-output>
          </reporter-output>
        </test-method> <!-- closeBrowser -->
        <test-method is-config="true" signature="launchBrowser()[pri:0, instance:framework.TS_03@4efac082]" started-at="2023-07-07T15:02:12 IST" name="launchBrowser" finished-at="2023-07-07T15:02:32 IST" duration-ms="19376" status="PASS">
          <reporter-output>
          </reporter-output>
        </test-method> <!-- launchBrowser -->
        <test-method signature="TC_20()[pri:20, instance:framework.TS_03@4efac082]" started-at="2023-07-07T15:02:32 IST" name="TC_20" finished-at="2023-07-07T15:02:32 IST" duration-ms="194" status="PASS">
          <reporter-output>
          </reporter-output>
        </test-method> <!-- TC_20 -->
        <test-method is-config="true" signature="closeBrowser()[pri:0, instance:framework.TS_03@4efac082]" started-at="2023-07-07T15:02:32 IST" name="closeBrowser" finished-at="2023-07-07T15:02:33 IST" duration-ms="940" status="PASS">
          <reporter-output>
          </reporter-output>
        </test-method> <!-- closeBrowser -->
        <test-method is-config="true" signature="launchBrowser()[pri:0, instance:framework.TS_03@4efac082]" started-at="2023-07-07T15:02:33 IST" name="launchBrowser" finished-at="2023-07-07T15:02:52 IST" duration-ms="19002" status="PASS">
          <reporter-output>
          </reporter-output>
        </test-method> <!-- launchBrowser -->
        <test-method signature="TC_21()[pri:21, instance:framework.TS_03@4efac082]" started-at="2023-07-07T15:02:52 IST" name="TC_21" finished-at="2023-07-07T15:02:52 IST" duration-ms="50" status="PASS">
          <reporter-output>
          </reporter-output>
        </test-method> <!-- TC_21 -->
        <test-method is-config="true" signature="closeBrowser()[pri:0, instance:framework.TS_03@4efac082]" started-at="2023-07-07T15:02:52 IST" name="closeBrowser" finished-at="2023-07-07T15:02:53 IST" duration-ms="965" status="PASS">
          <reporter-output>
          </reporter-output>
        </test-method> <!-- closeBrowser -->
        <test-method is-config="true" signature="launchBrowser()[pri:0, instance:framework.TS_03@4efac082]" started-at="2023-07-07T15:02:53 IST" name="launchBrowser" finished-at="2023-07-07T15:03:12 IST" duration-ms="19174" status="PASS">
          <reporter-output>
          </reporter-output>
        </test-method> <!-- launchBrowser -->
        <test-method signature="TC_22()[pri:22, instance:framework.TS_03@4efac082]" started-at="2023-07-07T15:03:12 IST" name="TC_22" finished-at="2023-07-07T15:03:12 IST" duration-ms="159" status="PASS">
          <reporter-output>
          </reporter-output>
        </test-method> <!-- TC_22 -->
        <test-method is-config="true" signature="closeBrowser()[pri:0, instance:framework.TS_03@4efac082]" started-at="2023-07-07T15:03:12 IST" name="closeBrowser" finished-at="2023-07-07T15:03:13 IST" duration-ms="1181" status="PASS">
          <reporter-output>
          </reporter-output>
        </test-method> <!-- closeBrowser -->
      </class> <!-- framework.TS_03 -->
      <class name="framework.TS_02">
        <test-method is-config="true" signature="launchBrowser()[pri:0, instance:framework.TS_02@59505b48]" started-at="2023-07-07T14:53:43 IST" name="launchBrowser" finished-at="2023-07-07T14:54:05 IST" duration-ms="21529" status="PASS">
          <reporter-output>
          </reporter-output>
        </test-method> <!-- launchBrowser -->
        <test-method signature="TC_01()[pri:1, instance:framework.TS_02@59505b48]" started-at="2023-07-07T14:54:05 IST" name="TC_01" finished-at="2023-07-07T14:54:06 IST" duration-ms="540" status="PASS">
          <reporter-output>
          </reporter-output>
        </test-method> <!-- TC_01 -->
        <test-method is-config="true" signature="closeBrowser()[pri:0, instance:framework.TS_02@59505b48]" started-at="2023-07-07T14:54:06 IST" name="closeBrowser" finished-at="2023-07-07T14:54:07 IST" duration-ms="1177" status="PASS">
          <reporter-output>
          </reporter-output>
        </test-method> <!-- closeBrowser -->
        <test-method is-config="true" signature="launchBrowser()[pri:0, instance:framework.TS_02@59505b48]" started-at="2023-07-07T14:54:07 IST" name="launchBrowser" finished-at="2023-07-07T14:54:26 IST" duration-ms="19648" status="PASS">
          <reporter-output>
          </reporter-output>
        </test-method> <!-- launchBrowser -->
        <test-method signature="TC_02()[pri:2, instance:framework.TS_02@59505b48]" started-at="2023-07-07T14:54:26 IST" name="TC_02" finished-at="2023-07-07T14:54:36 IST" duration-ms="9624" status="PASS">
          <reporter-output>
          </reporter-output>
        </test-method> <!-- TC_02 -->
        <test-method is-config="true" signature="closeBrowser()[pri:0, instance:framework.TS_02@59505b48]" started-at="2023-07-07T14:54:36 IST" name="closeBrowser" finished-at="2023-07-07T14:54:37 IST" duration-ms="1405" status="PASS">
          <reporter-output>
          </reporter-output>
        </test-method> <!-- closeBrowser -->
        <test-method is-config="true" signature="launchBrowser()[pri:0, instance:framework.TS_02@59505b48]" started-at="2023-07-07T14:54:37 IST" name="launchBrowser" finished-at="2023-07-07T14:54:58 IST" duration-ms="20402" status="PASS">
          <reporter-output>
          </reporter-output>
        </test-method> <!-- launchBrowser -->
        <test-method signature="TC_03()[pri:3, instance:framework.TS_02@59505b48]" started-at="2023-07-07T14:54:58 IST" name="TC_03" finished-at="2023-07-07T14:55:04 IST" duration-ms="6352" status="PASS">
          <reporter-output>
          </reporter-output>
        </test-method> <!-- TC_03 -->
        <test-method is-config="true" signature="closeBrowser()[pri:0, instance:framework.TS_02@59505b48]" started-at="2023-07-07T14:55:04 IST" name="closeBrowser" finished-at="2023-07-07T14:55:05 IST" duration-ms="1066" status="PASS">
          <reporter-output>
          </reporter-output>
        </test-method> <!-- closeBrowser -->
        <test-method is-config="true" signature="launchBrowser()[pri:0, instance:framework.TS_02@59505b48]" started-at="2023-07-07T14:55:05 IST" name="launchBrowser" finished-at="2023-07-07T14:55:26 IST" duration-ms="20531" status="PASS">
          <reporter-output>
          </reporter-output>
        </test-method> <!-- launchBrowser -->
        <test-method signature="TC_04()[pri:4, instance:framework.TS_02@59505b48]" started-at="2023-07-07T14:55:26 IST" name="TC_04" finished-at="2023-07-07T14:55:26 IST" duration-ms="427" status="PASS">
          <reporter-output>
          </reporter-output>
        </test-method> <!-- TC_04 -->
        <test-method is-config="true" signature="closeBrowser()[pri:0, instance:framework.TS_02@59505b48]" started-at="2023-07-07T14:55:26 IST" name="closeBrowser" finished-at="2023-07-07T14:55:27 IST" duration-ms="840" status="PASS">
          <reporter-output>
          </reporter-output>
        </test-method> <!-- closeBrowser -->
      </class> <!-- framework.TS_02 -->
    </test> <!-- Test -->
  </suite> <!-- Suite -->
</testng-results>
